  main.c
C:\Program Files (x86)\Windows Kits\10\Include\10.0.22000.0\um\GL\glu.h(235,41): warning C4255: 'fn': no function prototype given: converting '()' to '(void)'
C:\Program Files (x86)\Windows Kits\10\Include\10.0.22000.0\um\GL\glu.h(275,41): warning C4255: 'fn': no function prototype given: converting '()' to '(void)'
C:\Program Files (x86)\Windows Kits\10\Include\10.0.22000.0\um\GL\glu.h(358,42): warning C4255: 'fn': no function prototype given: converting '()' to '(void)'
E:\GitHub\GPR202\GPR202\GPR202\dependencies\glfw\glfw3.h(1702,1): warning C4820: 'GLFWgammaramp': '4' bytes padding added after data member 'size'
E:\GitHub\GPR202\GPR202\GPR202\dependencies\glfw\glfw3.h(1750,18): warning C4820: 'GLFWgamepadstate': '1' bytes padding added after data member 'buttons'
E:\GitHub\GPR202\GPR202\GPR202\dependencies\cglm\include\cglm\simd\sse2\mat4.h(12,1): warning C4464: relative include path contains '..'
E:\GitHub\GPR202\GPR202\GPR202\dependencies\cglm\include\cglm\simd\sse2\mat4.h(13,1): warning C4464: relative include path contains '..'
E:\GitHub\GPR202\GPR202\GPR202\dependencies\cglm\include\cglm\simd\sse2\mat3.h(12,1): warning C4464: relative include path contains '..'
E:\GitHub\GPR202\GPR202\GPR202\dependencies\cglm\include\cglm\simd\sse2\mat3.h(13,1): warning C4464: relative include path contains '..'
E:\GitHub\GPR202\GPR202\GPR202\dependencies\cglm\include\cglm\simd\sse2\mat2.h(12,1): warning C4464: relative include path contains '..'
E:\GitHub\GPR202\GPR202\GPR202\dependencies\cglm\include\cglm\simd\sse2\mat2.h(13,1): warning C4464: relative include path contains '..'
E:\GitHub\GPR202\GPR202\GPR202\dependencies\cglm\include\cglm\simd\sse2\affine.h(12,1): warning C4464: relative include path contains '..'
E:\GitHub\GPR202\GPR202\GPR202\dependencies\cglm\include\cglm\simd\sse2\affine.h(13,1): warning C4464: relative include path contains '..'
E:\GitHub\GPR202\GPR202\GPR202\dependencies\cglm\include\cglm\clipspace\persp.h(19,1): warning C4464: relative include path contains '..'
E:\GitHub\GPR202\GPR202\GPR202\dependencies\cglm\include\cglm\clipspace\persp.h(20,1): warning C4464: relative include path contains '..'
E:\GitHub\GPR202\GPR202\GPR202\dependencies\cglm\include\cglm\clipspace\persp.h(21,1): warning C4464: relative include path contains '..'
E:\GitHub\GPR202\GPR202\GPR202\dependencies\cglm\include\cglm\clipspace\ortho_rh_no.h(31,1): warning C4464: relative include path contains '..'
E:\GitHub\GPR202\GPR202\GPR202\dependencies\cglm\include\cglm\clipspace\ortho_rh_no.h(32,1): warning C4464: relative include path contains '..'
E:\GitHub\GPR202\GPR202\GPR202\dependencies\cglm\include\cglm\clipspace\ortho_rh_no.h(33,1): warning C4464: relative include path contains '..'
E:\GitHub\GPR202\GPR202\GPR202\dependencies\cglm\include\cglm\clipspace\persp_rh_no.h(49,1): warning C4464: relative include path contains '..'
E:\GitHub\GPR202\GPR202\GPR202\dependencies\cglm\include\cglm\clipspace\view_rh_no.h(18,1): warning C4464: relative include path contains '..'
E:\GitHub\GPR202\GPR202\GPR202\dependencies\cglm\include\cglm\clipspace\view_rh.h(18,1): warning C4464: relative include path contains '..'
E:\GitHub\GPR202\GPR202\GPR202\dependencies\cglm\include\cglm\clipspace\view_rh.h(19,1): warning C4464: relative include path contains '..'
E:\GitHub\GPR202\GPR202\GPR202\dependencies\cglm\include\cglm\simd\sse2\quat.h(12,1): warning C4464: relative include path contains '..'
E:\GitHub\GPR202\GPR202\GPR202\dependencies\cglm\include\cglm\simd\sse2\quat.h(13,1): warning C4464: relative include path contains '..'
E:\GitHub\GPR202\GPR202\GPR202\dependencies\cglm\include\cglm\clipspace\project_no.h(11,1): warning C4464: relative include path contains '..'
E:\GitHub\GPR202\GPR202\GPR202\dependencies\cglm\include\cglm\clipspace\project_no.h(12,1): warning C4464: relative include path contains '..'
E:\GitHub\GPR202\GPR202\GPR202\dependencies\cglm\include\cglm\clipspace\project_no.h(13,1): warning C4464: relative include path contains '..'
E:\GitHub\GPR202\GPR202\GPR202\dependencies\cglm\include\cglm\clipspace\project_no.h(14,1): warning C4464: relative include path contains '..'
E:\GitHub\GPR202\GPR202\GPR202\vertex.h(9,13): warning C4324: 'Vertex': structure was padded due to alignment specifier
E:\GitHub\GPR202\GPR202\GPR202\vertex.h(9,13): warning C4820: 'Vertex': '4' bytes padding added after data member 'position'
E:\GitHub\GPR202\GPR202\GPR202\mesh.h(12,17): warning C4820: 'Mesh': '4' bytes padding added after data member 'numberOfVertices'
E:\GitHub\GPR202\GPR202\GPR202\mesh.h(26,28): warning C4255: 'mesh_construct_vao': no function prototype given: converting '()' to '(void)'
E:\GitHub\GPR202\GPR202\GPR202\mesh.h(31,23): warning C4255: 'mesh_unbind_vao': no function prototype given: converting '()' to '(void)'
E:\GitHub\GPR202\GPR202\GPR202\shader.h(16,40): warning C4255: 'shader_deactivate_shader_program': no function prototype given: converting '()' to '(void)'
E:\GitHub\GPR202\GPR202\GPR202\main.c(30,23): warning C4100: 'error': unreferenced formal parameter
E:\GitHub\GPR202\GPR202\GPR202\main.c(34,145): warning C4100: 'unused4': unreferenced formal parameter
E:\GitHub\GPR202\GPR202\GPR202\main.c(34,101): warning C4100: 'unused3': unreferenced formal parameter
E:\GitHub\GPR202\GPR202\GPR202\main.c(34,67): warning C4100: 'unused2': unreferenced formal parameter
E:\GitHub\GPR202\GPR202\GPR202\main.c(34,39): warning C4100: 'unused': unreferenced formal parameter
E:\GitHub\GPR202\GPR202\GPR202\main.c(46,1): warning C4255: 'main': no function prototype given: converting '()' to '(void)'
E:\GitHub\GPR202\GPR202\GPR202\main.c(100,25): warning C4305: 'initializing': truncation from 'double' to 'float'
E:\GitHub\GPR202\GPR202\GPR202\main.c(113,24): warning C4305: 'initializing': truncation from 'double' to 'float'
E:\GitHub\GPR202\GPR202\GPR202\main.c(127,23): warning C4305: 'initializing': truncation from 'double' to 'float'
E:\GitHub\GPR202\GPR202\GPR202\main.c(143,23): warning C4305: 'initializing': truncation from 'double' to 'float'
E:\GitHub\GPR202\GPR202\GPR202\main.c(38): warning C5045: Compiler will insert Spectre mitigation for memory load if /Qspectre switch specified
E:\GitHub\GPR202\GPR202\GPR202\main.c(36): message : index 'severity' range checked by comparison on this line
E:\GitHub\GPR202\GPR202\GPR202\main.c(38): message : feeds call on this line
  GPR202.vcxproj -> E:\GitHub\GPR202\GPR202\x64\Debug\GPR202.exe
