e:\github\gpr202\gpr202\gpr202\x64\debug\vc143.pdb
e:\github\gpr202\gpr202\gpr202\x64\debug\vc143.idb
e:\github\gpr202\gpr202\gpr202\x64\debug\mesh.obj
e:\github\gpr202\gpr202\gpr202\x64\debug\main.obj
e:\github\gpr202\gpr202\gpr202\x64\debug\vertex.obj
e:\github\gpr202\gpr202\x64\debug\gpr202.pdb
e:\github\gpr202\gpr202\gpr202\x64\debug\gpr202.tlog\cl.command.1.tlog
e:\github\gpr202\gpr202\gpr202\x64\debug\gpr202.tlog\cl.items.tlog
e:\github\gpr202\gpr202\gpr202\x64\debug\gpr202.tlog\cl.read.1.tlog
e:\github\gpr202\gpr202\gpr202\x64\debug\gpr202.tlog\cl.write.1.tlog
e:\github\gpr202\gpr202\gpr202\x64\debug\gpr202.tlog\link-cvtres.read.1.tlog
e:\github\gpr202\gpr202\gpr202\x64\debug\gpr202.tlog\link-cvtres.write.1.tlog
e:\github\gpr202\gpr202\gpr202\x64\debug\gpr202.tlog\link-rc.read.1.tlog
e:\github\gpr202\gpr202\gpr202\x64\debug\gpr202.tlog\link-rc.write.1.tlog
e:\github\gpr202\gpr202\gpr202\x64\debug\gpr202.tlog\link.44480-cvtres.read.1.tlog
e:\github\gpr202\gpr202\gpr202\x64\debug\gpr202.tlog\link.44480-cvtres.write.1.tlog
e:\github\gpr202\gpr202\gpr202\x64\debug\gpr202.tlog\link.44480-rc.read.1.tlog
e:\github\gpr202\gpr202\gpr202\x64\debug\gpr202.tlog\link.44480-rc.write.1.tlog
e:\github\gpr202\gpr202\gpr202\x64\debug\gpr202.tlog\link.44480.read.1.tlog
e:\github\gpr202\gpr202\gpr202\x64\debug\gpr202.tlog\link.44480.read.2.tlog
e:\github\gpr202\gpr202\gpr202\x64\debug\gpr202.tlog\link.44480.write.1.tlog
e:\github\gpr202\gpr202\gpr202\x64\debug\gpr202.tlog\link.command.1.tlog
e:\github\gpr202\gpr202\gpr202\x64\debug\gpr202.tlog\link.read.1.tlog
e:\github\gpr202\gpr202\gpr202\x64\debug\gpr202.tlog\link.read.2.tlog
e:\github\gpr202\gpr202\gpr202\x64\debug\gpr202.tlog\link.write.1.tlog
